23-04-2024 13:44:09.31 - INFO - Started validation of input parameters...
23-04-2024 13:44:09.31 - INFO - Completed validation of input parameters
23-04-2024 13:44:09.31 - INFO - Started handling of duplicates... Method: "AUTO"
23-04-2024 13:44:09.31 - DEBUG - 0 missing values found
23-04-2024 13:44:09.31 - INFO - Completed handling of duplicates in 0.001037 seconds
23-04-2024 13:44:09.31 - INFO - Started handling of missing values...
23-04-2024 13:44:09.31 - DEBUG - 0 missing values found
23-04-2024 13:44:09.31 - INFO - Completed handling of missing values in 0.000405 seconds
23-04-2024 13:44:09.31 - INFO - Started handling of outliers... Method: "WINZ"
23-04-2024 13:44:09.31 - DEBUG - Outlier imputation of 4 value(s) succeeded for feature "Pregnancies"
23-04-2024 13:44:09.31 - DEBUG - Outlier imputation of 5 value(s) succeeded for feature "Glucose"
23-04-2024 13:44:09.32 - DEBUG - Outlier imputation of 45 value(s) succeeded for feature "BloodPressure"
23-04-2024 13:44:09.32 - DEBUG - Outlier imputation of 1 value(s) succeeded for feature "SkinThickness"
23-04-2024 13:44:09.34 - DEBUG - Outlier imputation of 34 value(s) succeeded for feature "Insulin"
23-04-2024 13:44:09.34 - DEBUG - Outlier imputation of 19 value(s) succeeded for feature "BMI"
23-04-2024 13:44:09.34 - DEBUG - Outlier imputation of 29 value(s) succeeded for feature "DiabetesPedigreeFunction"
23-04-2024 13:44:09.36 - DEBUG - Outlier imputation of 9 value(s) succeeded for feature "Age"
23-04-2024 13:44:09.36 - INFO - Completed handling of outliers in 0.040826 seconds
23-04-2024 13:44:09.36 - INFO - Started conversion of DATETIME features... Granularity: s
23-04-2024 13:44:09.36 - INFO - Completed conversion of DATETIME features in 0.0002 seconds
23-04-2024 13:44:09.36 - INFO - Started encoding categorical features... Method: "AUTO"
23-04-2024 13:44:09.36 - INFO - Completed encoding of categorical features in 1e-06 seconds
23-04-2024 13:44:09.36 - INFO - Started feature type conversion...
23-04-2024 13:44:09.36 - DEBUG - Conversion to type INT succeeded for feature "Pregnancies"
23-04-2024 13:44:09.36 - DEBUG - Conversion to type INT succeeded for feature "Glucose"
23-04-2024 13:44:09.36 - DEBUG - Conversion to type INT succeeded for feature "BloodPressure"
23-04-2024 13:44:09.36 - DEBUG - Conversion to type INT succeeded for feature "SkinThickness"
23-04-2024 13:44:09.36 - DEBUG - Conversion to type INT succeeded for feature "Insulin"
23-04-2024 13:44:09.36 - DEBUG - Conversion to type FLOAT succeeded for feature "BMI"
23-04-2024 13:44:09.36 - DEBUG - Conversion to type FLOAT succeeded for feature "DiabetesPedigreeFunction"
23-04-2024 13:44:09.36 - DEBUG - Conversion to type INT succeeded for feature "Age"
23-04-2024 13:44:09.36 - DEBUG - Conversion to type INT succeeded for feature "Outcome"
23-04-2024 13:44:09.36 - INFO - Completed feature type conversion for 9 feature(s) in 0.003555 seconds
23-04-2024 13:44:09.36 - INFO - AutoClean process completed in 0.04904 seconds
